<?xml version="1.0" encoding="UTF-8"?>
<!-- Generated by org.testng.reporters.JUnitReportReporter -->
<testsuite hostname="DESKTOP-U2IPFR6" failures="0" tests="1" name="TestCases.Testcase5" time="23.744" errors="0" timestamp="2024-02-22T11:45:07 IST" skipped="0">
  <testcase classname="TestCases.Testcase5" name="orderDetails" time="23.744"/>
</testsuite> <!-- TestCases.Testcase5 -->
