<?xml version="1.0" encoding="UTF-8"?>
<!-- Generated by org.testng.reporters.JUnitReportReporter -->
<testsuite hostname="DESKTOP-U2IPFR6" failures="0" tests="1" name="TestCases.Testcase6" time="21.849" errors="0" timestamp="2024-02-28T12:16:10 IST" skipped="0">
  <testcase classname="TestCases.Testcase6" name="homepage" time="21.849"/>
</testsuite> <!-- TestCases.Testcase6 -->
