<?xml version="1.0" encoding="UTF-8"?>
<!-- Generated by org.testng.reporters.JUnitReportReporter -->
<testsuite hostname="DESKTOP-U2IPFR6" failures="0" tests="1" name="TestCases.Testcase7" time="25.574" errors="0" timestamp="2024-02-28T12:16:48 IST" skipped="0">
  <testcase classname="TestCases.Testcase7" name="addnewaddress" time="25.574"/>
</testsuite> <!-- TestCases.Testcase7 -->
