<?xml version="1.0" encoding="UTF-8"?>
<!-- Generated by org.testng.reporters.JUnitReportReporter -->
<testsuite hostname="DESKTOP-U2IPFR6" failures="0" tests="1" name="TestCases.Testcase8" time="19.608" errors="0" timestamp="2024-02-28T12:17:25 IST" skipped="0">
  <testcase classname="TestCases.Testcase8" name="ListTheProduct" time="19.608"/>
</testsuite> <!-- TestCases.Testcase8 -->
