<?xml version="1.0" encoding="UTF-8"?>
<!-- Generated by org.testng.reporters.JUnitReportReporter -->
<testsuite hostname="DESKTOP-U2IPFR6" failures="0" tests="1" name="TestCases.Testcase5" time="33.142" errors="0" timestamp="2024-02-28T12:15:32 IST" skipped="0">
  <testcase classname="TestCases.Testcase5" name="orderDetails" time="33.142"/>
</testsuite> <!-- TestCases.Testcase5 -->
