<?xml version="1.0" encoding="UTF-8"?>
<!-- Generated by org.testng.reporters.JUnitReportReporter -->
<testsuite hostname="DESKTOP-U2IPFR6" failures="0" tests="1" name="TestCases.Testcase3" time="23.223" errors="0" timestamp="2024-02-28T12:09:06 IST" skipped="0">
  <testcase classname="TestCases.Testcase3" name="login" time="23.223"/>
</testsuite> <!-- TestCases.Testcase3 -->
