<?xml version="1.0" encoding="UTF-8"?>
<!-- Generated by org.testng.reporters.JUnitReportReporter -->
<testsuite hostname="DESKTOP-U2IPFR6" failures="0" tests="1" name="Main_Project.Selenium_Project.TodayClasss" time="1.497" errors="0" timestamp="2024-02-25T10:52:49 IST" skipped="0">
  <testcase classname="Main_Project.Selenium_Project.TodayClasss" name="readExcel" time="1.497"/>
</testsuite> <!-- Main_Project.Selenium_Project.TodayClasss -->
