<?xml version="1.0" encoding="UTF-8"?>
<!-- Generated by org.testng.reporters.JUnitReportReporter -->
<testsuite hostname="DESKTOP-U2IPFR6" failures="0" tests="1" name="TestCases.Testcase9" time="27.890" errors="0" timestamp="2024-02-28T12:18:08 IST" skipped="0">
  <testcase classname="TestCases.Testcase9" name="productscreenshot" time="27.890"/>
</testsuite> <!-- TestCases.Testcase9 -->
