<?xml version="1.0" encoding="UTF-8"?>
<!-- Generated by org.testng.reporters.JUnitReportReporter -->
<testsuite hostname="DESKTOP-U2IPFR6" failures="0" tests="1" name="TestCases.Testcase4" time="47.623" errors="0" timestamp="2024-02-28T12:12:59 IST" skipped="0">
  <testcase classname="TestCases.Testcase4" name="addCellPhone" time="47.623"/>
</testsuite> <!-- TestCases.Testcase4 -->
