<?xml version="1.0" encoding="UTF-8"?>
<!-- Generated by org.testng.reporters.JUnitReportReporter -->
<testsuite hostname="DESKTOP-U2IPFR6" failures="0" tests="1" name="TestCases.Testcase9" time="14.134" errors="0" timestamp="2024-02-24T13:20:12 IST" skipped="0">
  <testcase classname="TestCases.Testcase9" name="productscreenshot" time="14.134"/>
</testsuite> <!-- TestCases.Testcase9 -->
