<?xml version="1.0" encoding="UTF-8"?>
<!-- Generated by org.testng.reporters.JUnitReportReporter -->
<testsuite hostname="DESKTOP-U2IPFR6" failures="0" tests="1" name="TestCases.Testcase6" time="12.693" errors="0" timestamp="2024-02-24T13:19:28 IST" skipped="0">
  <testcase classname="TestCases.Testcase6" name="homepage" time="12.693"/>
</testsuite> <!-- TestCases.Testcase6 -->
