<?xml version="1.0" encoding="UTF-8"?>
<!-- Generated by org.testng.reporters.JUnitReportReporter -->
<testsuite hostname="DESKTOP-U2IPFR6" failures="0" tests="1" name="TestCases.Testcase2" time="11.761" errors="0" timestamp="2024-02-22T12:48:30 IST" skipped="0">
  <testcase classname="TestCases.Testcase2" name="Login" time="11.761"/>
</testsuite> <!-- TestCases.Testcase2 -->
