<?xml version="1.0" encoding="UTF-8"?>
<!-- Generated by org.testng.reporters.JUnitReportReporter -->
<testsuite hostname="DESKTOP-U2IPFR6" failures="0" tests="1" name="TestCases.Testcase1" time="14.585" errors="0" timestamp="2024-02-25T11:19:56 IST" skipped="0">
  <testcase classname="TestCases.Testcase1" name="register" time="14.585"/>
</testsuite> <!-- TestCases.Testcase1 -->
